2025-07-27 00:08:46 [main] WARN  o.s.b.t.j.DuplicateJsonObjectContextCustomizerFactory$DuplicateJsonObjectContextCustomizer.logDuplicateJsonObjectsWarning 78 - 

Found multiple occurrences of org.json.JSONObject on the class path:

	jar:file:/home/laptop-34/.m2/repository/com/vaadin/external/google/android-json/0.0.20131108.vaadin1/android-json-0.0.20131108.vaadin1.jar!/org/json/JSONObject.class
	jar:file:/home/laptop-34/.m2/repository/org/json/json/20250107/json-20250107.jar!/org/json/JSONObject.class

You may wish to exclude one of them to ensure predictable runtime behavior

2025-07-27 00:08:46 [main] INFO  o.s.boot.StartupInfoLogger.logStarting 53 - Starting DemoApplicationTests using Java 24.0.1 with PID 18470 (started by laptop-34 in /home/laptop-34/Documents/demo (copy))
2025-07-27 00:08:46 [main] INFO  o.s.boot.SpringApplication.logStartupProfileInfo 652 - No active profile set, falling back to 1 default profile: "default"
2025-07-27 00:08:46 [main] INFO  o.s.d.r.c.RepositoryConfigurationDelegate.registerRepositoriesIn 145 - Bootstrapping Spring Data Elasticsearch repositories in DEFAULT mode.
2025-07-27 00:08:46 [main] INFO  o.s.d.r.c.RepositoryConfigurationDelegate.registerRepositoriesIn 213 - Finished Spring Data repository scanning in 25 ms. Found 1 Elasticsearch repository interface.
2025-07-27 00:08:47 [main] INFO  o.s.boot.StartupInfoLogger.logStarted 59 - Started DemoApplicationTests in 1.5 seconds (process running for 2.111)
2025-07-27 00:14:12 [main] INFO  o.s.boot.StartupInfoLogger.logStarting 53 - Starting DemoApplication using Java 24.0.1 with PID 19470 (/home/laptop-34/Documents/demo (copy)/target/classes started by laptop-34 in /home/laptop-34/Documents/demo (copy))
2025-07-27 00:14:12 [main] INFO  o.s.boot.SpringApplication.logStartupProfileInfo 652 - No active profile set, falling back to 1 default profile: "default"
2025-07-27 00:14:12 [main] INFO  o.s.d.r.c.RepositoryConfigurationDelegate.registerRepositoriesIn 145 - Bootstrapping Spring Data Elasticsearch repositories in DEFAULT mode.
2025-07-27 00:14:12 [main] INFO  o.s.d.r.c.RepositoryConfigurationDelegate.registerRepositoriesIn 213 - Finished Spring Data repository scanning in 28 ms. Found 1 Elasticsearch repository interface.
2025-07-27 00:14:13 [main] INFO  o.s.b.w.e.tomcat.TomcatWebServer.initialize 111 - Tomcat initialized with port 8085 (http)
2025-07-27 00:14:13 [main] INFO  o.apache.juli.logging.DirectJDKLog.log 168 - Starting service [Tomcat]
2025-07-27 00:14:13 [main] INFO  o.apache.juli.logging.DirectJDKLog.log 168 - Starting Servlet engine: [Apache Tomcat/10.1.42]
2025-07-27 00:14:13 [main] INFO  o.apache.juli.logging.DirectJDKLog.log 168 - Initializing Spring embedded WebApplicationContext
2025-07-27 00:14:13 [main] INFO  o.s.b.w.s.c.ServletWebServerApplicationContext.prepareWebApplicationContext 301 - Root WebApplicationContext: initialization completed in 722 ms
2025-07-27 00:14:13 [main] INFO  o.s.b.w.e.tomcat.TomcatWebServer.start 243 - Tomcat started on port 8085 (http) with context path '/backend'
2025-07-27 00:14:13 [main] INFO  o.s.boot.StartupInfoLogger.logStarted 59 - Started DemoApplication in 1.828 seconds (process running for 2.119)
2025-07-27 00:14:15 [SpringApplicationShutdownHook] INFO  o.s.b.w.e.tomcat.GracefulShutdown.shutDownGracefully 54 - Commencing graceful shutdown. Waiting for active requests to complete
2025-07-27 00:14:15 [tomcat-shutdown] INFO  o.s.b.w.e.tomcat.GracefulShutdown.doShutdown 76 - Graceful shutdown complete
2025-07-27 00:30:03 [main] INFO  o.s.boot.StartupInfoLogger.logStarting 53 - Starting DemoApplication using Java 24.0.1 with PID 23618 (/home/laptop-34/Documents/demo (copy)/target/classes started by laptop-34 in /home/laptop-34/Documents/demo (copy))
2025-07-27 00:30:03 [main] INFO  o.s.boot.SpringApplication.logStartupProfileInfo 652 - No active profile set, falling back to 1 default profile: "default"
2025-07-27 00:30:04 [main] INFO  o.s.d.r.c.RepositoryConfigurationDelegate.registerRepositoriesIn 145 - Bootstrapping Spring Data Elasticsearch repositories in DEFAULT mode.
2025-07-27 00:30:04 [main] INFO  o.s.d.r.c.RepositoryConfigurationDelegate.registerRepositoriesIn 213 - Finished Spring Data repository scanning in 31 ms. Found 1 Elasticsearch repository interface.
2025-07-27 00:30:04 [main] INFO  o.s.b.w.e.tomcat.TomcatWebServer.initialize 111 - Tomcat initialized with port 8085 (http)
2025-07-27 00:30:04 [main] INFO  o.apache.juli.logging.DirectJDKLog.log 168 - Starting service [Tomcat]
2025-07-27 00:30:04 [main] INFO  o.apache.juli.logging.DirectJDKLog.log 168 - Starting Servlet engine: [Apache Tomcat/10.1.42]
2025-07-27 00:30:04 [main] INFO  o.apache.juli.logging.DirectJDKLog.log 168 - Initializing Spring embedded WebApplicationContext
2025-07-27 00:30:04 [main] INFO  o.s.b.w.s.c.ServletWebServerApplicationContext.prepareWebApplicationContext 301 - Root WebApplicationContext: initialization completed in 911 ms
2025-07-27 00:30:04 [main] WARN  o.s.c.s.AbstractApplicationContext.refresh 635 - Exception encountered during context initialization - cancelling refresh attempt: org.springframework.beans.factory.UnsatisfiedDependencyException: Error creating bean with name 'filestorageController' defined in file [/home/laptop-34/Documents/demo (copy)/target/classes/com/example/demo/Controller/Filestorage/FilestorageController.class]: Unsatisfied dependency expressed through constructor parameter 0: Error creating bean with name 'fileIndexingService' defined in file [/home/laptop-34/Documents/demo (copy)/target/classes/com/example/demo/Services/FileStorage/FileIndexingService.class]: Unsatisfied dependency expressed through constructor parameter 0: Error creating bean with name 'fileIndexingFactory' defined in file [/home/laptop-34/Documents/demo (copy)/target/classes/com/example/demo/Services/FileStorage/FileIndexingFactory.class]: Unsatisfied dependency expressed through constructor parameter 0: Error creating bean with name 'esIndexingStrategy' defined in file [/home/laptop-34/Documents/demo (copy)/target/classes/com/example/demo/Services/FileStorage/EsFileIndexingStrategy.class]: Unsatisfied dependency expressed through constructor parameter 0: Error creating bean with name 'fileDocumentRepository' defined in com.example.demo.Repositorys.FileDocumentRepository defined in @EnableElasticsearchRepositories declared on ElasticsearchRepositoriesRegistrar.EnableElasticsearchRepositoriesConfiguration: Failed to instantiate [org.springframework.data.elasticsearch.repository.support.SimpleElasticsearchRepository]: Constructor threw exception
2025-07-27 00:30:04 [main] INFO  o.apache.juli.logging.DirectJDKLog.log 168 - Stopping service [Tomcat]
2025-07-27 00:30:04 [main] INFO  o.s.b.a.l.ConditionEvaluationReportLogger.logMessage 82 - 

Error starting ApplicationContext. To display the condition evaluation report re-run your application with 'debug' enabled.
2025-07-27 00:30:04 [main] ERROR o.s.boot.SpringApplication.reportFailure 857 - Application run failed
org.springframework.beans.factory.UnsatisfiedDependencyException: Error creating bean with name 'filestorageController' defined in file [/home/laptop-34/Documents/demo (copy)/target/classes/com/example/demo/Controller/Filestorage/FilestorageController.class]: Unsatisfied dependency expressed through constructor parameter 0: Error creating bean with name 'fileIndexingService' defined in file [/home/laptop-34/Documents/demo (copy)/target/classes/com/example/demo/Services/FileStorage/FileIndexingService.class]: Unsatisfied dependency expressed through constructor parameter 0: Error creating bean with name 'fileIndexingFactory' defined in file [/home/laptop-34/Documents/demo (copy)/target/classes/com/example/demo/Services/FileStorage/FileIndexingFactory.class]: Unsatisfied dependency expressed through constructor parameter 0: Error creating bean with name 'esIndexingStrategy' defined in file [/home/laptop-34/Documents/demo (copy)/target/classes/com/example/demo/Services/FileStorage/EsFileIndexingStrategy.class]: Unsatisfied dependency expressed through constructor parameter 0: Error creating bean with name 'fileDocumentRepository' defined in com.example.demo.Repositorys.FileDocumentRepository defined in @EnableElasticsearchRepositories declared on ElasticsearchRepositoriesRegistrar.EnableElasticsearchRepositoriesConfiguration: Failed to instantiate [org.springframework.data.elasticsearch.repository.support.SimpleElasticsearchRepository]: Constructor threw exception
	at org.springframework.beans.factory.support.ConstructorResolver.createArgumentArray(ConstructorResolver.java:804)
	at org.springframework.beans.factory.support.ConstructorResolver.autowireConstructor(ConstructorResolver.java:240)
	at org.springframework.beans.factory.support.AbstractAutowireCapableBeanFactory.autowireConstructor(AbstractAutowireCapableBeanFactory.java:1395)
	at org.springframework.beans.factory.support.AbstractAutowireCapableBeanFactory.createBeanInstance(AbstractAutowireCapableBeanFactory.java:1232)
	at org.springframework.beans.factory.support.AbstractAutowireCapableBeanFactory.doCreateBean(AbstractAutowireCapableBeanFactory.java:569)
	at org.springframework.beans.factory.support.AbstractAutowireCapableBeanFactory.createBean(AbstractAutowireCapableBeanFactory.java:529)
	at org.springframework.beans.factory.support.AbstractBeanFactory.lambda$doGetBean$0(AbstractBeanFactory.java:339)
	at org.springframework.beans.factory.support.DefaultSingletonBeanRegistry.getSingleton(DefaultSingletonBeanRegistry.java:373)
	at org.springframework.beans.factory.support.AbstractBeanFactory.doGetBean(AbstractBeanFactory.java:337)
	at org.springframework.beans.factory.support.AbstractBeanFactory.getBean(AbstractBeanFactory.java:202)
	at org.springframework.beans.factory.support.DefaultListableBeanFactory.instantiateSingleton(DefaultListableBeanFactory.java:1222)
	at org.springframework.beans.factory.support.DefaultListableBeanFactory.preInstantiateSingleton(DefaultListableBeanFactory.java:1188)
	at org.springframework.beans.factory.support.DefaultListableBeanFactory.preInstantiateSingletons(DefaultListableBeanFactory.java:1123)
	at org.springframework.context.support.AbstractApplicationContext.finishBeanFactoryInitialization(AbstractApplicationContext.java:987)
	at org.springframework.context.support.AbstractApplicationContext.refresh(AbstractApplicationContext.java:627)
	at org.springframework.boot.web.servlet.context.ServletWebServerApplicationContext.refresh(ServletWebServerApplicationContext.java:146)
	at org.springframework.boot.SpringApplication.refresh(SpringApplication.java:752)
	at org.springframework.boot.SpringApplication.refreshContext(SpringApplication.java:439)
	at org.springframework.boot.SpringApplication.run(SpringApplication.java:318)
	at org.springframework.boot.SpringApplication.run(SpringApplication.java:1361)
	at org.springframework.boot.SpringApplication.run(SpringApplication.java:1350)
	at com.example.demo.DemoApplication.main(DemoApplication.java:10)
Caused by: org.springframework.beans.factory.UnsatisfiedDependencyException: Error creating bean with name 'fileIndexingService' defined in file [/home/laptop-34/Documents/demo (copy)/target/classes/com/example/demo/Services/FileStorage/FileIndexingService.class]: Unsatisfied dependency expressed through constructor parameter 0: Error creating bean with name 'fileIndexingFactory' defined in file [/home/laptop-34/Documents/demo (copy)/target/classes/com/example/demo/Services/FileStorage/FileIndexingFactory.class]: Unsatisfied dependency expressed through constructor parameter 0: Error creating bean with name 'esIndexingStrategy' defined in file [/home/laptop-34/Documents/demo (copy)/target/classes/com/example/demo/Services/FileStorage/EsFileIndexingStrategy.class]: Unsatisfied dependency expressed through constructor parameter 0: Error creating bean with name 'fileDocumentRepository' defined in com.example.demo.Repositorys.FileDocumentRepository defined in @EnableElasticsearchRepositories declared on ElasticsearchRepositoriesRegistrar.EnableElasticsearchRepositoriesConfiguration: Failed to instantiate [org.springframework.data.elasticsearch.repository.support.SimpleElasticsearchRepository]: Constructor threw exception
	at org.springframework.beans.factory.support.ConstructorResolver.createArgumentArray(ConstructorResolver.java:804)
	at org.springframework.beans.factory.support.ConstructorResolver.autowireConstructor(ConstructorResolver.java:240)
	at org.springframework.beans.factory.support.AbstractAutowireCapableBeanFactory.autowireConstructor(AbstractAutowireCapableBeanFactory.java:1395)
	at org.springframework.beans.factory.support.AbstractAutowireCapableBeanFactory.createBeanInstance(AbstractAutowireCapableBeanFactory.java:1232)
	at org.springframework.beans.factory.support.AbstractAutowireCapableBeanFactory.doCreateBean(AbstractAutowireCapableBeanFactory.java:569)
	at org.springframework.beans.factory.support.AbstractAutowireCapableBeanFactory.createBean(AbstractAutowireCapableBeanFactory.java:529)
	at org.springframework.beans.factory.support.AbstractBeanFactory.lambda$doGetBean$0(AbstractBeanFactory.java:339)
	at org.springframework.beans.factory.support.DefaultSingletonBeanRegistry.getSingleton(DefaultSingletonBeanRegistry.java:373)
	at org.springframework.beans.factory.support.AbstractBeanFactory.doGetBean(AbstractBeanFactory.java:337)
	at org.springframework.beans.factory.support.AbstractBeanFactory.getBean(AbstractBeanFactory.java:202)
	at org.springframework.beans.factory.config.DependencyDescriptor.resolveCandidate(DependencyDescriptor.java:254)
	at org.springframework.beans.factory.support.DefaultListableBeanFactory.doResolveDependency(DefaultListableBeanFactory.java:1745)
	at org.springframework.beans.factory.support.DefaultListableBeanFactory.resolveDependency(DefaultListableBeanFactory.java:1628)
	at org.springframework.beans.factory.support.ConstructorResolver.resolveAutowiredArgument(ConstructorResolver.java:913)
	at org.springframework.beans.factory.support.ConstructorResolver.createArgumentArray(ConstructorResolver.java:791)
	... 21 common frames omitted
Caused by: org.springframework.beans.factory.UnsatisfiedDependencyException: Error creating bean with name 'fileIndexingFactory' defined in file [/home/laptop-34/Documents/demo (copy)/target/classes/com/example/demo/Services/FileStorage/FileIndexingFactory.class]: Unsatisfied dependency expressed through constructor parameter 0: Error creating bean with name 'esIndexingStrategy' defined in file [/home/laptop-34/Documents/demo (copy)/target/classes/com/example/demo/Services/FileStorage/EsFileIndexingStrategy.class]: Unsatisfied dependency expressed through constructor parameter 0: Error creating bean with name 'fileDocumentRepository' defined in com.example.demo.Repositorys.FileDocumentRepository defined in @EnableElasticsearchRepositories declared on ElasticsearchRepositoriesRegistrar.EnableElasticsearchRepositoriesConfiguration: Failed to instantiate [org.springframework.data.elasticsearch.repository.support.SimpleElasticsearchRepository]: Constructor threw exception
	at org.springframework.beans.factory.support.ConstructorResolver.createArgumentArray(ConstructorResolver.java:804)
	at org.springframework.beans.factory.support.ConstructorResolver.autowireConstructor(ConstructorResolver.java:240)
	at org.springframework.beans.factory.support.AbstractAutowireCapableBeanFactory.autowireConstructor(AbstractAutowireCapableBeanFactory.java:1395)
	at org.springframework.beans.factory.support.AbstractAutowireCapableBeanFactory.createBeanInstance(AbstractAutowireCapableBeanFactory.java:1232)
	at org.springframework.beans.factory.support.AbstractAutowireCapableBeanFactory.doCreateBean(AbstractAutowireCapableBeanFactory.java:569)
	at org.springframework.beans.factory.support.AbstractAutowireCapableBeanFactory.createBean(AbstractAutowireCapableBeanFactory.java:529)
	at org.springframework.beans.factory.support.AbstractBeanFactory.lambda$doGetBean$0(AbstractBeanFactory.java:339)
	at org.springframework.beans.factory.support.DefaultSingletonBeanRegistry.getSingleton(DefaultSingletonBeanRegistry.java:373)
	at org.springframework.beans.factory.support.AbstractBeanFactory.doGetBean(AbstractBeanFactory.java:337)
	at org.springframework.beans.factory.support.AbstractBeanFactory.getBean(AbstractBeanFactory.java:202)
	at org.springframework.beans.factory.config.DependencyDescriptor.resolveCandidate(DependencyDescriptor.java:254)
	at org.springframework.beans.factory.support.DefaultListableBeanFactory.doResolveDependency(DefaultListableBeanFactory.java:1745)
	at org.springframework.beans.factory.support.DefaultListableBeanFactory.resolveDependency(DefaultListableBeanFactory.java:1628)
	at org.springframework.beans.factory.support.ConstructorResolver.resolveAutowiredArgument(ConstructorResolver.java:913)
	at org.springframework.beans.factory.support.ConstructorResolver.createArgumentArray(ConstructorResolver.java:791)
	... 35 common frames omitted
Caused by: org.springframework.beans.factory.UnsatisfiedDependencyException: Error creating bean with name 'esIndexingStrategy' defined in file [/home/laptop-34/Documents/demo (copy)/target/classes/com/example/demo/Services/FileStorage/EsFileIndexingStrategy.class]: Unsatisfied dependency expressed through constructor parameter 0: Error creating bean with name 'fileDocumentRepository' defined in com.example.demo.Repositorys.FileDocumentRepository defined in @EnableElasticsearchRepositories declared on ElasticsearchRepositoriesRegistrar.EnableElasticsearchRepositoriesConfiguration: Failed to instantiate [org.springframework.data.elasticsearch.repository.support.SimpleElasticsearchRepository]: Constructor threw exception
	at org.springframework.beans.factory.support.ConstructorResolver.createArgumentArray(ConstructorResolver.java:804)
	at org.springframework.beans.factory.support.ConstructorResolver.autowireConstructor(ConstructorResolver.java:240)
	at org.springframework.beans.factory.support.AbstractAutowireCapableBeanFactory.autowireConstructor(AbstractAutowireCapableBeanFactory.java:1395)
	at org.springframework.beans.factory.support.AbstractAutowireCapableBeanFactory.createBeanInstance(AbstractAutowireCapableBeanFactory.java:1232)
	at org.springframework.beans.factory.support.AbstractAutowireCapableBeanFactory.doCreateBean(AbstractAutowireCapableBeanFactory.java:569)
	at org.springframework.beans.factory.support.AbstractAutowireCapableBeanFactory.createBean(AbstractAutowireCapableBeanFactory.java:529)
	at org.springframework.beans.factory.support.AbstractBeanFactory.lambda$doGetBean$0(AbstractBeanFactory.java:339)
	at org.springframework.beans.factory.support.DefaultSingletonBeanRegistry.getSingleton(DefaultSingletonBeanRegistry.java:373)
	at org.springframework.beans.factory.support.AbstractBeanFactory.doGetBean(AbstractBeanFactory.java:337)
	at org.springframework.beans.factory.support.AbstractBeanFactory.getBean(AbstractBeanFactory.java:202)
	at org.springframework.beans.factory.config.DependencyDescriptor.resolveCandidate(DependencyDescriptor.java:254)
	at org.springframework.beans.factory.support.DefaultListableBeanFactory.addCandidateEntry(DefaultListableBeanFactory.java:1996)
	at org.springframework.beans.factory.support.DefaultListableBeanFactory.findAutowireCandidates(DefaultListableBeanFactory.java:1960)
	at org.springframework.beans.factory.support.DefaultListableBeanFactory.resolveMultipleBeanCollection(DefaultListableBeanFactory.java:1850)
	at org.springframework.beans.factory.support.DefaultListableBeanFactory.resolveMultipleBeans(DefaultListableBeanFactory.java:1818)
	at org.springframework.beans.factory.support.DefaultListableBeanFactory.doResolveDependency(DefaultListableBeanFactory.java:1694)
	at org.springframework.beans.factory.support.DefaultListableBeanFactory.resolveDependency(DefaultListableBeanFactory.java:1628)
	at org.springframework.beans.factory.support.ConstructorResolver.resolveAutowiredArgument(ConstructorResolver.java:913)
	at org.springframework.beans.factory.support.ConstructorResolver.createArgumentArray(ConstructorResolver.java:791)
	... 49 common frames omitted
Caused by: org.springframework.beans.factory.BeanCreationException: Error creating bean with name 'fileDocumentRepository' defined in com.example.demo.Repositorys.FileDocumentRepository defined in @EnableElasticsearchRepositories declared on ElasticsearchRepositoriesRegistrar.EnableElasticsearchRepositoriesConfiguration: Failed to instantiate [org.springframework.data.elasticsearch.repository.support.SimpleElasticsearchRepository]: Constructor threw exception
	at org.springframework.beans.factory.support.AbstractAutowireCapableBeanFactory.initializeBean(AbstractAutowireCapableBeanFactory.java:1826)
	at org.springframework.beans.factory.support.AbstractAutowireCapableBeanFactory.doCreateBean(AbstractAutowireCapableBeanFactory.java:607)
	at org.springframework.beans.factory.support.AbstractAutowireCapableBeanFactory.createBean(AbstractAutowireCapableBeanFactory.java:529)
	at org.springframework.beans.factory.support.AbstractBeanFactory.lambda$doGetBean$0(AbstractBeanFactory.java:339)
	at org.springframework.beans.factory.support.DefaultSingletonBeanRegistry.getSingleton(DefaultSingletonBeanRegistry.java:373)
	at org.springframework.beans.factory.support.AbstractBeanFactory.doGetBean(AbstractBeanFactory.java:337)
	at org.springframework.beans.factory.support.AbstractBeanFactory.getBean(AbstractBeanFactory.java:202)
	at org.springframework.beans.factory.config.DependencyDescriptor.resolveCandidate(DependencyDescriptor.java:254)
	at org.springframework.beans.factory.support.DefaultListableBeanFactory.doResolveDependency(DefaultListableBeanFactory.java:1745)
	at org.springframework.beans.factory.support.DefaultListableBeanFactory.resolveDependency(DefaultListableBeanFactory.java:1628)
	at org.springframework.beans.factory.support.ConstructorResolver.resolveAutowiredArgument(ConstructorResolver.java:913)
	at org.springframework.beans.factory.support.ConstructorResolver.createArgumentArray(ConstructorResolver.java:791)
	... 67 common frames omitted
Caused by: org.springframework.beans.BeanInstantiationException: Failed to instantiate [org.springframework.data.elasticsearch.repository.support.SimpleElasticsearchRepository]: Constructor threw exception
	at org.springframework.beans.BeanUtils.instantiateClass(BeanUtils.java:223)
	at org.springframework.data.repository.core.support.RepositoryFactorySupport.lambda$instantiateClass$5(RepositoryFactorySupport.java:660)
	at java.base/java.util.Optional.map(Optional.java:260)
	at org.springframework.data.repository.core.support.RepositoryFactorySupport.instantiateClass(RepositoryFactorySupport.java:660)
	at org.springframework.data.repository.core.support.RepositoryFactorySupport.getTargetRepositoryViaReflection(RepositoryFactorySupport.java:625)
	at org.springframework.data.elasticsearch.repository.support.ElasticsearchRepositoryFactory.getTargetRepository(ElasticsearchRepositoryFactory.java:81)
	at org.springframework.data.repository.core.support.RepositoryFactorySupport.getRepository(RepositoryFactorySupport.java:380)
	at org.springframework.data.repository.core.support.RepositoryFactoryBeanSupport.lambda$afterPropertiesSet$4(RepositoryFactoryBeanSupport.java:350)
	at org.springframework.data.util.Lazy.getNullable(Lazy.java:135)
	at org.springframework.data.util.Lazy.get(Lazy.java:113)
	at org.springframework.data.repository.core.support.RepositoryFactoryBeanSupport.afterPropertiesSet(RepositoryFactoryBeanSupport.java:356)
	at org.springframework.data.elasticsearch.repository.support.ElasticsearchRepositoryFactoryBean.afterPropertiesSet(ElasticsearchRepositoryFactoryBean.java:69)
	at org.springframework.beans.factory.support.AbstractAutowireCapableBeanFactory.invokeInitMethods(AbstractAutowireCapableBeanFactory.java:1873)
	at org.springframework.beans.factory.support.AbstractAutowireCapableBeanFactory.initializeBean(AbstractAutowireCapableBeanFactory.java:1822)
	... 78 common frames omitted
Caused by: org.springframework.dao.DataAccessResourceFailureException: Connection refused
	at org.springframework.data.elasticsearch.client.elc.ElasticsearchExceptionTranslator.translateExceptionIfPossible(ElasticsearchExceptionTranslator.java:111)
	at org.springframework.data.elasticsearch.client.elc.ElasticsearchExceptionTranslator.translateException(ElasticsearchExceptionTranslator.java:65)
	at org.springframework.data.elasticsearch.client.elc.ChildTemplate.execute(ChildTemplate.java:73)
	at org.springframework.data.elasticsearch.client.elc.IndicesTemplate.doExists(IndicesTemplate.java:179)
	at org.springframework.data.elasticsearch.client.elc.IndicesTemplate.exists(IndicesTemplate.java:171)
	at org.springframework.data.elasticsearch.repository.support.SimpleElasticsearchRepository.createIndexAndMappingIfNeeded(SimpleElasticsearchRepository.java:93)
	at org.springframework.data.elasticsearch.repository.support.SimpleElasticsearchRepository.<init>(SimpleElasticsearchRepository.java:87)
	at java.base/jdk.internal.reflect.DirectConstructorHandleAccessor.newInstance(DirectConstructorHandleAccessor.java:62)
	at java.base/java.lang.reflect.Constructor.newInstanceWithCaller(Constructor.java:499)
	at java.base/java.lang.reflect.Constructor.newInstance(Constructor.java:483)
	at org.springframework.beans.BeanUtils.instantiateClass(BeanUtils.java:210)
	... 91 common frames omitted
Caused by: java.lang.RuntimeException: Connection refused
	at org.springframework.data.elasticsearch.client.elc.ElasticsearchExceptionTranslator.translateException(ElasticsearchExceptionTranslator.java:64)
	... 100 common frames omitted
Caused by: java.net.ConnectException: Connection refused
	at org.elasticsearch.client.RestClient.extractAndWrapCause(RestClient.java:934)
	at org.elasticsearch.client.RestClient.performRequest(RestClient.java:304)
	at org.elasticsearch.client.RestClient.performRequest(RestClient.java:292)
	at co.elastic.clients.transport.rest_client.RestClientHttpClient.performRequest(RestClientHttpClient.java:92)
	at co.elastic.clients.transport.ElasticsearchTransportBase.performRequest(ElasticsearchTransportBase.java:138)
	at co.elastic.clients.elasticsearch.indices.ElasticsearchIndicesClient.exists(ElasticsearchIndicesClient.java:1107)
	at org.springframework.data.elasticsearch.client.elc.IndicesTemplate.lambda$doExists$2(IndicesTemplate.java:179)
	at org.springframework.data.elasticsearch.client.elc.ChildTemplate.execute(ChildTemplate.java:71)
	... 99 common frames omitted
Caused by: java.net.ConnectException: Connection refused
	at java.base/sun.nio.ch.Net.pollConnect(Native Method)
	at java.base/sun.nio.ch.Net.pollConnectNow(Net.java:628)
	at java.base/sun.nio.ch.SocketChannelImpl.finishConnect(SocketChannelImpl.java:1046)
	at org.apache.http.impl.nio.reactor.DefaultConnectingIOReactor.processEvent(DefaultConnectingIOReactor.java:174)
	at org.apache.http.impl.nio.reactor.DefaultConnectingIOReactor.processEvents(DefaultConnectingIOReactor.java:148)
	at org.apache.http.impl.nio.reactor.AbstractMultiworkerIOReactor.execute(AbstractMultiworkerIOReactor.java:351)
	at org.apache.http.impl.nio.conn.PoolingNHttpClientConnectionManager.execute(PoolingNHttpClientConnectionManager.java:221)
	at org.apache.http.impl.nio.client.CloseableHttpAsyncClientBase$1.run(CloseableHttpAsyncClientBase.java:64)
	at java.base/java.lang.Thread.run(Thread.java:1447)
2025-07-27 00:33:31 [main] INFO  o.s.boot.StartupInfoLogger.logStarting 53 - Starting DemoApplication using Java 24.0.1 with PID 25878 (/home/laptop-34/Documents/demo (copy)/target/classes started by laptop-34 in /home/laptop-34/Documents/demo (copy))
2025-07-27 00:33:31 [main] INFO  o.s.boot.SpringApplication.logStartupProfileInfo 652 - No active profile set, falling back to 1 default profile: "default"
2025-07-27 00:33:31 [main] INFO  o.s.d.r.c.RepositoryConfigurationDelegate.registerRepositoriesIn 145 - Bootstrapping Spring Data Elasticsearch repositories in DEFAULT mode.
2025-07-27 00:33:31 [main] INFO  o.s.d.r.c.RepositoryConfigurationDelegate.registerRepositoriesIn 213 - Finished Spring Data repository scanning in 32 ms. Found 1 Elasticsearch repository interface.
2025-07-27 00:33:31 [main] INFO  o.s.b.w.e.tomcat.TomcatWebServer.initialize 111 - Tomcat initialized with port 8085 (http)
2025-07-27 00:33:31 [main] INFO  o.apache.juli.logging.DirectJDKLog.log 168 - Starting service [Tomcat]
2025-07-27 00:33:31 [main] INFO  o.apache.juli.logging.DirectJDKLog.log 168 - Starting Servlet engine: [Apache Tomcat/10.1.42]
2025-07-27 00:33:31 [main] INFO  o.apache.juli.logging.DirectJDKLog.log 168 - Initializing Spring embedded WebApplicationContext
2025-07-27 00:33:31 [main] INFO  o.s.b.w.s.c.ServletWebServerApplicationContext.prepareWebApplicationContext 301 - Root WebApplicationContext: initialization completed in 759 ms
2025-07-27 00:33:32 [main] INFO  o.s.b.w.e.tomcat.TomcatWebServer.start 243 - Tomcat started on port 8085 (http) with context path '/backend'
2025-07-27 00:33:32 [main] INFO  o.s.boot.StartupInfoLogger.logStarted 59 - Started DemoApplication in 1.953 seconds (process running for 2.198)
2025-07-27 00:33:37 [SpringApplicationShutdownHook] INFO  o.s.b.w.e.tomcat.GracefulShutdown.shutDownGracefully 54 - Commencing graceful shutdown. Waiting for active requests to complete
2025-07-27 00:33:37 [tomcat-shutdown] INFO  o.s.b.w.e.tomcat.GracefulShutdown.doShutdown 76 - Graceful shutdown complete
2025-07-27 00:38:44 [main] INFO  o.s.boot.StartupInfoLogger.logStarting 53 - Starting DemoApplication using Java 24.0.1 with PID 29291 (/home/laptop-34/Documents/demo (copy)/target/classes started by laptop-34 in /home/laptop-34/Documents/demo (copy))
2025-07-27 00:38:44 [main] INFO  o.s.boot.SpringApplication.logStartupProfileInfo 652 - No active profile set, falling back to 1 default profile: "default"
2025-07-27 00:38:44 [main] INFO  o.s.d.r.c.RepositoryConfigurationDelegate.registerRepositoriesIn 145 - Bootstrapping Spring Data Elasticsearch repositories in DEFAULT mode.
2025-07-27 00:38:44 [main] INFO  o.s.d.r.c.RepositoryConfigurationDelegate.registerRepositoriesIn 213 - Finished Spring Data repository scanning in 30 ms. Found 1 Elasticsearch repository interface.
2025-07-27 00:38:44 [main] INFO  o.s.b.w.e.tomcat.TomcatWebServer.initialize 111 - Tomcat initialized with port 8085 (http)
2025-07-27 00:38:44 [main] INFO  o.apache.juli.logging.DirectJDKLog.log 168 - Starting service [Tomcat]
2025-07-27 00:38:44 [main] INFO  o.apache.juli.logging.DirectJDKLog.log 168 - Starting Servlet engine: [Apache Tomcat/10.1.42]
2025-07-27 00:38:44 [main] INFO  o.apache.juli.logging.DirectJDKLog.log 168 - Initializing Spring embedded WebApplicationContext
2025-07-27 00:38:44 [main] INFO  o.s.b.w.s.c.ServletWebServerApplicationContext.prepareWebApplicationContext 301 - Root WebApplicationContext: initialization completed in 801 ms
2025-07-27 00:38:45 [main] INFO  o.s.b.w.e.tomcat.TomcatWebServer.start 243 - Tomcat started on port 8085 (http) with context path '/backend'
2025-07-27 00:38:45 [main] INFO  o.s.boot.StartupInfoLogger.logStarted 59 - Started DemoApplication in 2.218 seconds (process running for 2.447)
2025-07-27 00:38:51 [SpringApplicationShutdownHook] INFO  o.s.b.w.e.tomcat.GracefulShutdown.shutDownGracefully 54 - Commencing graceful shutdown. Waiting for active requests to complete
2025-07-27 00:38:51 [tomcat-shutdown] INFO  o.s.b.w.e.tomcat.GracefulShutdown.doShutdown 76 - Graceful shutdown complete
